Arguments: 
  C:\Program Files\nodejs\node.exe C:\Program Files (x86)\Yarn\bin\yarn.js

PATH: 
  C:\Program Files\Common Files\Oracle\Java\javapath;C:\Windows\system32;C:\Windows;C:\Windows\System32\Wbem;C:\Windows\System32\WindowsPowerShell\v1.0\;C:\Windows\System32\OpenSSH\;C:\Program Files (x86)\Yarn\bin\;C:\Program Files\Git\cmd;C:\Program Files\nodejs\;C:\Program Files\dotnet\;C:\Program Files\Microsoft SQL Server\150\Tools\Binn\;C:\Program Files\Microsoft SQL Server\Client SDK\ODBC\170\Tools\Binn\;C:\Users\GLC\AppData\Local\python2\scripts;C:\Users\GLC\AppData\Local\python2;C:\Users\GLC\AppData\Local\Microsoft\WindowsApps;C:\Users\GLC\AppData\Local\Yarn\bin;C:\Users\GLC\AppData\Local\Programs\Microsoft VS Code\bin;C:\Program Files\PostgreSQL\12\bin;C:\Program Files\PostgreSQL\12\lib;C:\Users\GLC\AppData\Local\Programs\Python\Python311;C:\Users\GLC\AppData\Roaming\npm;C:\Users\GLC\.dotnet\tools;

Yarn version: 
  1.22.19

Node version: 
  16.16.0

Platform: 
  win32 x64

Trace: 
  Error: getaddrinfo ENOTFOUND registry.yarnpkg.com
      at GetAddrInfoReqWrap.onlookup [as oncomplete] (node:dns:71:26)

npm manifest: 
  {
    "main": "node_modules/expo/AppEntry.js",
    "scripts": {
      "start": "expo start",
      "android": "expo start --android",
      "ios": "expo start --ios",
      "web": "expo start --web",
      "eject": "expo eject"
    },
    "dependencies": {
      "@expo/vector-icons": "^13.0.0",
      "@react-native-masked-view/masked-view": "0.2.5",
      "@react-native-material/core": "^1.3.7",
      "@react-navigation/material-top-tabs": "^6.0.6",
      "@react-navigation/native": "^6.0.6",
      "@react-navigation/stack": "^6.0.11",
      "expo": "~43.0.0",
      "expo-asset": "~8.4.3",
      "expo-constants": "~12.1.3",
      "expo-contacts": "~10.0.3",
      "expo-firebase-recaptcha": "^2.3.1",
      "expo-image-picker": "~11.0.3",
      "expo-status-bar": "~1.1.0",
      "firebase": "^9.1.3",
      "mtn-momo": "^2.0.0",
      "nanoid": "^3.1.30",
      "react": "17.0.1",
      "react-dom": "17.0.1",
      "react-native": "0.64.2",
      "react-native-easy-grid": "^0.2.2",
      "react-native-gesture-handler": "~1.10.2",
      "react-native-get-random-values": "~1.7.0",
      "react-native-gifted-chat": "^0.16.3",
      "react-native-image-viewing": "^0.2.1",
      "react-native-pager-view": "5.4.6",
      "react-native-phone-number-input": "^2.1.0",
      "react-native-safe-area-context": "3.3.2",
      "react-native-screens": "~3.8.0",
      "react-native-tab-view": "^3.1.1",
      "react-native-web": "0.17.1",
      "react-native-webview": "^13.3.1"
    },
    "devDependencies": {
      "@babel/core": "^7.12.9"
    },
    "private": true
  }

yarn manifest: 
  No manifest

Lockfile: 
  No lockfile
